週四 2026/04/30 23:01:26.08 OK 
週五 2026/05/01  2:53:39.54 OK 
週五 2026/05/01 22:46:51.00 OK 
週六 2026/05/02 22:46:13.08 OK 
週日 2026/05/03 22:46:27.52 OK 
週一 2026/05/04 22:46:32.16 OK 
週二 2026/05/05 20:08:54.32 OK 
週三 2026/05/06 19:24:36.57 OK 
週四 2026/05/07 19:41:06.14 OK 
週五 2026/05/08 15:37:39.55 OK 
週五 2026/05/08 19:36:52.42 OK 
週六 2026/05/09 23:05:10.43 OK 
週日 2026/05/10 23:04:34.26 OK 
週一 2026/05/11 19:45:52.24 OK 
週二 2026/05/12 19:44:30.98 OK 
週三 2026/05/13 19:40:14.88 OK 
週四 2026/05/14 20:46:56.98 OK 
週五 2026/05/15 19:41:15.15 OK 
週六 2026/05/16 23:06:14.11 OK 
週日 2026/05/17 23:05:25.04 OK 
週一 2026/05/18 19:40:13.99 OK 
週二 2026/05/19 20:56:35.19 OK 
週四 2026/05/21 19:43:36.61 OK 
週五 2026/05/22 19:44:48.61 OK 
2026/05/25 18:47:40 OK [fetch] saved=30/30
2026/05/26 20:48:48 OK [fetch] saved=30/30
2026/05/27 19:37:33 OK [fetch] saved=30/30
2026/05/28 20:37:41 OK [fetch] saved=30/30
2026/05/29 14:28:26 OK [fetch] saved=30/30
2026/05/30 18:49:38 OK [fetch] saved=30/30
2026/05/31 23:25:06 OK [fetch] saved=30/30
週日 2026/05/31 23:32:28.11 OK [pipeline] 
2026/06/01 15:09:52 OK [fetch] saved=30/30
2026/06/02 12:40:41 OK [fetch] saved=30/30
2026/06/02 15:39:32 OK [fetch] saved=30/30
2026/06/03 12:35:33 OK [fetch] saved=30/30
2026/06/04 13:18:32 OK [fetch] saved=30/30
2026/06/04 14:50:25 OK [fetch] saved=30/30
